Using pre-set license
Built from '2020.2/staging' branch; Version is '2020.2.7f1 (c53830e277f1) revision 12924976'; Using compiler version '192528614'; Build Type 'Release'
OS: 'Windows 10 Pro; OS build 18363.1440; Version 1909; 64bit' Language: 'en' Physical Memory: 16231 MB
BatchMode: 1, IsHumanControllingUs: 0, StartBugReporterOnCrash: 0, Is64bit: 1, IsPro: 0

 COMMAND LINE ARGUMENTS:
B:\Unity\2020.2.7f1\Editor\Unity.exe
-adb2
-batchMode
-noUpm
-name
AssetImportWorker0
-projectPath
C:/Users/rembe/OneDrive/Documents/GitHub/1-6/1.6
-logFile
Logs/AssetImportWorker0.log
-srvPort
56838
Successfully changed project path to: C:/Users/rembe/OneDrive/Documents/GitHub/1-6/1.6
C:/Users/rembe/OneDrive/Documents/GitHub/1-6/1.6
Using Asset Import Pipeline V2.
Refreshing native plugins compatible for Editor in 31.82 ms, found 0 plugins.
Preloading 0 native plugins for Editor in 0.00 ms.
Initialize engine version: 2020.2.7f1 (c53830e277f1)
[Subsystems] Discovering subsystems at path B:/Unity/2020.2.7f1/Editor/Data/Resources/UnitySubsystems
[Subsystems] Discovering subsystems at path C:/Users/rembe/OneDrive/Documents/GitHub/1-6/1.6/Assets
GfxDevice: creating device client; threaded=0
Direct3D:
    Version:  Direct3D 11.0 [level 11.1]
    Renderer: NVIDIA GeForce GTX 1050 Ti (ID=0x1c8c)
    Vendor:   
    VRAM:     4018 MB
    Driver:   27.21.14.5167
Initialize mono
Mono path[0] = 'B:/Unity/2020.2.7f1/Editor/Data/Managed'
Mono path[1] = 'B:/Unity/2020.2.7f1/Editor/Data/MonoBleedingEdge/lib/mono/unityjit'
Mono config path = 'B:/Unity/2020.2.7f1/Editor/Data/MonoBleedingEdge/etc'
Using monoOptions --debugger-agent=transport=dt_socket,embedding=1,server=y,suspend=n,address=127.0.0.1:56788
Begin MonoManager ReloadAssembly
Registering precompiled unity dll's ...
Register platform support module: B:/Unity/2020.2.7f1/Editor/Data/PlaybackEngines/WebGLSupport/UnityEditor.WebGL.Extensions.dll
Register platform support module: B:/Unity/2020.2.7f1/Editor/Data/PlaybackEngines/WindowsStandaloneSupport/UnityEditor.WindowsStandalone.Extensions.dll
Registered in 0.001565 seconds.
Native extension for WindowsStandalone target not found
Native extension for WebGL target not found
Refreshing native plugins compatible for Editor in 30.72 ms, found 0 plugins.
Preloading 0 native plugins for Editor in 0.00 ms.
Invoked RoslynAnalysisRunner static constructor.
RoslynAnalysisRunner will not be running.
RoslynAnalysisRunner has terminated.
Mono: successfully reloaded assembly
- Completed reload, in  1.609 seconds
Platform modules already initialized, skipping
Registering precompiled user dll's ...
Registered in 0.001227 seconds.
Begin MonoManager ReloadAssembly
Native extension for WindowsStandalone target not found
Native extension for WebGL target not found
Refreshing native plugins compatible for Editor in 0.28 ms, found 0 plugins.
Preloading 0 native plugins for Editor in 0.00 ms.
Invoked RoslynAnalysisRunner static constructor.
RoslynAnalysisRunner will not be running.
RoslynAnalysisRunner has terminated.
Mono: successfully reloaded assembly
- Completed reload, in  1.280 seconds
Platform modules already initialized, skipping
========================================================================
Worker process is ready to serve import requests
Launched and connected shader compiler UnityShaderCompiler.exe after 0.05 seconds
Refreshing native plugins compatible for Editor in 0.52 ms, found 0 plugins.
Preloading 0 native plugins for Editor in 0.00 ms.
Unloading 1672 Unused Serialized files (Serialized files now loaded: 0)
System memory in use before: 98.0 MB.
System memory in use after: 98.1 MB.

Unloading 12 unused Assets to reduce memory usage. Loaded Objects now: 2131.
Total: 3.246000 ms (FindLiveObjects: 0.223500 ms CreateObjectMapping: 0.078100 ms MarkObjects: 2.809700 ms  DeleteObjects: 0.133600 ms)

========================================================================
Received Import Request.
  path: Assets/ControllerScript.cs
  artifactKey: Guid(d167851ea50099544935f42cf0014ac1) Importer(815301076,1909f56bfc062723c751e8b465ee728b)
Start importing Assets/ControllerScript.cs using Guid(d167851ea50099544935f42cf0014ac1) Importer(815301076,1909f56bfc062723c751e8b465ee728b)  -> (artifact id: '66215b460709c7e7f3f5943b3bcff0f4') in 0.074812 seconds
  Import took 0.093266 seconds .

========================================================================
Received Prepare
Registering precompiled user dll's ...
Registered in 0.001746 seconds.
Begin MonoManager ReloadAssembly
Native extension for WindowsStandalone target not found
Native extension for WebGL target not found
Refreshing native plugins compatible for Editor in 0.52 ms, found 0 plugins.
Preloading 0 native plugins for Editor in 0.00 ms.
Invoked RoslynAnalysisRunner static constructor.
RoslynAnalysisRunner will not be running.
RoslynAnalysisRunner has terminated.
Mono: successfully reloaded assembly
- Completed reload, in  0.855 seconds
Platform modules already initialized, skipping
Refreshing native plugins compatible for Editor in 0.28 ms, found 0 plugins.
Preloading 0 native plugins for Editor in 0.00 ms.
Unloading 1657 Unused Serialized files (Serialized files now loaded: 0)
System memory in use before: 97.2 MB.
System memory in use after: 97.3 MB.

Unloading 7 unused Assets to reduce memory usage. Loaded Objects now: 2135.
Total: 2.413900 ms (FindLiveObjects: 0.158100 ms CreateObjectMapping: 0.045200 ms MarkObjects: 2.134200 ms  DeleteObjects: 0.075600 ms)

========================================================================
Received Import Request.
  Time since last request: 225.992597 seconds.
  path: Assets/3D Game Kit - Character Pack/Characters/Ellen/AnimationClips/@EllenCombo1.fbx
  artifactKey: Guid(3aeb280aa07caa148891a47a136fcee4) Importer(815301076,1909f56bfc062723c751e8b465ee728b)
Start importing Assets/3D Game Kit - Character Pack/Characters/Ellen/AnimationClips/@EllenCombo1.fbx using Guid(3aeb280aa07caa148891a47a136fcee4) Importer(815301076,1909f56bfc062723c751e8b465ee728b)  -> (artifact id: '631f2520cd7e41c000c68cb13f24652b') in 0.212998 seconds
  Import took 0.228638 seconds .

========================================================================
Received Prepare
Registering precompiled user dll's ...
Registered in 0.001386 seconds.
Begin MonoManager ReloadAssembly
Native extension for WindowsStandalone target not found
Native extension for WebGL target not found
Refreshing native plugins compatible for Editor in 0.30 ms, found 0 plugins.
Preloading 0 native plugins for Editor in 0.00 ms.
Invoked RoslynAnalysisRunner static constructor.
RoslynAnalysisRunner will not be running.
RoslynAnalysisRunner has terminated.
Mono: successfully reloaded assembly
- Completed reload, in  0.914 seconds
Platform modules already initialized, skipping
Refreshing native plugins compatible for Editor in 0.29 ms, found 0 plugins.
Preloading 0 native plugins for Editor in 0.00 ms.
Unloading 1656 Unused Serialized files (Serialized files now loaded: 0)
System memory in use before: 114.6 MB.
System memory in use after: 114.7 MB.

Unloading 8 unused Assets to reduce memory usage. Loaded Objects now: 2149.
Total: 2.408100 ms (FindLiveObjects: 0.179300 ms CreateObjectMapping: 0.057900 ms MarkObjects: 2.101600 ms  DeleteObjects: 0.068000 ms)

========================================================================
Received Import Request.
  Time since last request: 120.331109 seconds.
  path: Assets/New Animator Controller.controller
  artifactKey: Guid(f06e4b9810cbbfa4195208d166797b34) Importer(815301076,1909f56bfc062723c751e8b465ee728b)
Start importing Assets/New Animator Controller.controller using Guid(f06e4b9810cbbfa4195208d166797b34) Importer(815301076,1909f56bfc062723c751e8b465ee728b)  -> (artifact id: '2bfbdaf2797fba6e5db6b5997af86883') in 0.085895 seconds
  Import took 0.105375 seconds .

========================================================================
Received Prepare
Registering precompiled user dll's ...
Registered in 0.001261 seconds.
Begin MonoManager ReloadAssembly
Native extension for WindowsStandalone target not found
Native extension for WebGL target not found
Refreshing native plugins compatible for Editor in 0.30 ms, found 0 plugins.
Preloading 0 native plugins for Editor in 0.00 ms.
Invoked RoslynAnalysisRunner static constructor.
RoslynAnalysisRunner will not be running.
RoslynAnalysisRunner has terminated.
Mono: successfully reloaded assembly
- Completed reload, in  0.879 seconds
Platform modules already initialized, skipping
Refreshing native plugins compatible for Editor in 0.31 ms, found 0 plugins.
Preloading 0 native plugins for Editor in 0.00 ms.
Unloading 1656 Unused Serialized files (Serialized files now loaded: 0)
System memory in use before: 114.6 MB.
System memory in use after: 114.7 MB.

Unloading 7 unused Assets to reduce memory usage. Loaded Objects now: 2152.
Total: 2.370400 ms (FindLiveObjects: 0.165000 ms CreateObjectMapping: 0.067400 ms MarkObjects: 2.065900 ms  DeleteObjects: 0.071100 ms)

========================================================================
Received Prepare
Registering precompiled user dll's ...
Registered in 0.001870 seconds.
Begin MonoManager ReloadAssembly
Native extension for WindowsStandalone target not found
Native extension for WebGL target not found
Refreshing native plugins compatible for Editor in 0.28 ms, found 0 plugins.
Preloading 0 native plugins for Editor in 0.00 ms.
Invoked RoslynAnalysisRunner static constructor.
RoslynAnalysisRunner will not be running.
RoslynAnalysisRunner has terminated.
Mono: successfully reloaded assembly
- Completed reload, in  0.871 seconds
Platform modules already initialized, skipping
Refreshing native plugins compatible for Editor in 0.28 ms, found 0 plugins.
Preloading 0 native plugins for Editor in 0.00 ms.
Unloading 1656 Unused Serialized files (Serialized files now loaded: 0)
System memory in use before: 114.6 MB.
System memory in use after: 114.7 MB.

Unloading 7 unused Assets to reduce memory usage. Loaded Objects now: 2155.
Total: 2.483100 ms (FindLiveObjects: 0.171200 ms CreateObjectMapping: 0.062200 ms MarkObjects: 2.178500 ms  DeleteObjects: 0.070200 ms)

========================================================================
Received Import Request.
  Time since last request: 277.389971 seconds.
  path: Assets/3D Game Kit - Character Pack/Characters/Ellen/AnimationClips/@EllenCombo2.fbx
  artifactKey: Guid(506fbaf36141f7842ad5ad583349cc87) Importer(815301076,1909f56bfc062723c751e8b465ee728b)
Start importing Assets/3D Game Kit - Character Pack/Characters/Ellen/AnimationClips/@EllenCombo2.fbx using Guid(506fbaf36141f7842ad5ad583349cc87) Importer(815301076,1909f56bfc062723c751e8b465ee728b)  -> (artifact id: '3cdaf6ed8c4c8e8f1a110d5a70570e15') in 0.084617 seconds
  Import took 0.105927 seconds .

========================================================================
Received Import Request.
  Time since last request: 15.209728 seconds.
  path: Assets/3D Game Kit - Character Pack/Characters/Ellen/AnimationClips/@EllenCombo3.fbx
  artifactKey: Guid(d0d401bb3fc68574296f7ff69e81546c) Importer(815301076,1909f56bfc062723c751e8b465ee728b)
Start importing Assets/3D Game Kit - Character Pack/Characters/Ellen/AnimationClips/@EllenCombo3.fbx using Guid(d0d401bb3fc68574296f7ff69e81546c) Importer(815301076,1909f56bfc062723c751e8b465ee728b)  -> (artifact id: '9574df08da43a02e95c91d9141ea8e15') in 0.033421 seconds
  Import took 0.061286 seconds .

========================================================================
Received Import Request.
  Time since last request: 15.392493 seconds.
  path: Assets/3D Game Kit - Character Pack/Characters/Ellen/AnimationClips/@EllenCombo4.fbx
  artifactKey: Guid(6fd1fb8479e6a994f9e4cc7fb79d2ac2) Importer(815301076,1909f56bfc062723c751e8b465ee728b)
Start importing Assets/3D Game Kit - Character Pack/Characters/Ellen/AnimationClips/@EllenCombo4.fbx using Guid(6fd1fb8479e6a994f9e4cc7fb79d2ac2) Importer(815301076,1909f56bfc062723c751e8b465ee728b)  -> (artifact id: '917fd49a6dde4564765abd937d9c0f32') in 0.033714 seconds
  Import took 0.050109 seconds .

========================================================================
Received Prepare
Registering precompiled user dll's ...
Registered in 0.001305 seconds.
Begin MonoManager ReloadAssembly
Native extension for WindowsStandalone target not found
Native extension for WebGL target not found
Refreshing native plugins compatible for Editor in 0.27 ms, found 0 plugins.
Preloading 0 native plugins for Editor in 0.00 ms.
Invoked RoslynAnalysisRunner static constructor.
RoslynAnalysisRunner will not be running.
RoslynAnalysisRunner has terminated.
Mono: successfully reloaded assembly
- Completed reload, in  0.912 seconds
Platform modules already initialized, skipping
Refreshing native plugins compatible for Editor in 0.30 ms, found 0 plugins.
Preloading 0 native plugins for Editor in 0.00 ms.
Unloading 1656 Unused Serialized files (Serialized files now loaded: 0)
System memory in use before: 114.7 MB.
System memory in use after: 114.8 MB.

Unloading 8 unused Assets to reduce memory usage. Loaded Objects now: 2159.
Total: 2.412000 ms (FindLiveObjects: 0.169300 ms CreateObjectMapping: 0.060200 ms MarkObjects: 2.113100 ms  DeleteObjects: 0.068600 ms)

========================================================================
Received Prepare
Registering precompiled user dll's ...
Registered in 0.001192 seconds.
Begin MonoManager ReloadAssembly
Native extension for WindowsStandalone target not found
Native extension for WebGL target not found
Refreshing native plugins compatible for Editor in 0.28 ms, found 0 plugins.
Preloading 0 native plugins for Editor in 0.00 ms.
Invoked RoslynAnalysisRunner static constructor.
RoslynAnalysisRunner will not be running.
RoslynAnalysisRunner has terminated.
Mono: successfully reloaded assembly
- Completed reload, in  0.828 seconds
Platform modules already initialized, skipping
Refreshing native plugins compatible for Editor in 0.29 ms, found 0 plugins.
Preloading 0 native plugins for Editor in 0.00 ms.
Unloading 1656 Unused Serialized files (Serialized files now loaded: 0)
System memory in use before: 114.7 MB.
System memory in use after: 114.8 MB.

Unloading 7 unused Assets to reduce memory usage. Loaded Objects now: 2162.
Total: 2.644200 ms (FindLiveObjects: 0.165300 ms CreateObjectMapping: 0.048700 ms MarkObjects: 2.358500 ms  DeleteObjects: 0.070800 ms)

========================================================================
Received Import Request.
  Time since last request: 295.569788 seconds.
  path: Assets/New Animator Controller.controller
  artifactKey: Guid(f06e4b9810cbbfa4195208d166797b34) Importer(815301076,1909f56bfc062723c751e8b465ee728b)
Start importing Assets/New Animator Controller.controller using Guid(f06e4b9810cbbfa4195208d166797b34) Importer(815301076,1909f56bfc062723c751e8b465ee728b)  -> (artifact id: '464456ee04f3c06dea4047717eab960a') in 0.040619 seconds
  Import took 0.098419 seconds .

========================================================================
Received Prepare
Registering precompiled user dll's ...
Registered in 0.001265 seconds.
Begin MonoManager ReloadAssembly
Native extension for WindowsStandalone target not found
Native extension for WebGL target not found
Refreshing native plugins compatible for Editor in 0.28 ms, found 0 plugins.
Preloading 0 native plugins for Editor in 0.00 ms.
Invoked RoslynAnalysisRunner static constructor.
RoslynAnalysisRunner will not be running.
RoslynAnalysisRunner has terminated.
Mono: successfully reloaded assembly
- Completed reload, in  0.868 seconds
Platform modules already initialized, skipping
Refreshing native plugins compatible for Editor in 0.31 ms, found 0 plugins.
Preloading 0 native plugins for Editor in 0.00 ms.
Unloading 1656 Unused Serialized files (Serialized files now loaded: 0)
System memory in use before: 114.7 MB.
System memory in use after: 114.8 MB.

Unloading 7 unused Assets to reduce memory usage. Loaded Objects now: 2165.
Total: 2.515400 ms (FindLiveObjects: 0.160200 ms CreateObjectMapping: 0.053800 ms MarkObjects: 2.231500 ms  DeleteObjects: 0.069000 ms)

========================================================================
Received Prepare
Registering precompiled user dll's ...
Registered in 0.001210 seconds.
Begin MonoManager ReloadAssembly
Native extension for WindowsStandalone target not found
Native extension for WebGL target not found
Refreshing native plugins compatible for Editor in 0.28 ms, found 0 plugins.
Preloading 0 native plugins for Editor in 0.00 ms.
Invoked RoslynAnalysisRunner static constructor.
RoslynAnalysisRunner will not be running.
RoslynAnalysisRunner has terminated.
Mono: successfully reloaded assembly
- Completed reload, in  0.844 seconds
Platform modules already initialized, skipping
Refreshing native plugins compatible for Editor in 0.28 ms, found 0 plugins.
Preloading 0 native plugins for Editor in 0.00 ms.
Unloading 1656 Unused Serialized files (Serialized files now loaded: 0)
System memory in use before: 114.7 MB.
System memory in use after: 114.8 MB.

Unloading 7 unused Assets to reduce memory usage. Loaded Objects now: 2168.
Total: 2.503400 ms (FindLiveObjects: 0.168400 ms CreateObjectMapping: 0.068600 ms MarkObjects: 2.190700 ms  DeleteObjects: 0.074900 ms)

========================================================================
Received Prepare
Registering precompiled user dll's ...
Registered in 0.001194 seconds.
Begin MonoManager ReloadAssembly
Native extension for WindowsStandalone target not found
Native extension for WebGL target not found
Refreshing native plugins compatible for Editor in 0.30 ms, found 0 plugins.
Preloading 0 native plugins for Editor in 0.00 ms.
Invoked RoslynAnalysisRunner static constructor.
RoslynAnalysisRunner will not be running.
RoslynAnalysisRunner has terminated.
Mono: successfully reloaded assembly
- Completed reload, in  0.881 seconds
Platform modules already initialized, skipping
Refreshing native plugins compatible for Editor in 0.27 ms, found 0 plugins.
Preloading 0 native plugins for Editor in 0.00 ms.
Unloading 1656 Unused Serialized files (Serialized files now loaded: 0)
System memory in use before: 114.7 MB.
System memory in use after: 114.8 MB.

Unloading 7 unused Assets to reduce memory usage. Loaded Objects now: 2171.
Total: 2.226700 ms (FindLiveObjects: 0.154400 ms CreateObjectMapping: 0.049100 ms MarkObjects: 1.955500 ms  DeleteObjects: 0.066800 ms)

========================================================================
Received Prepare
Registering precompiled user dll's ...
Registered in 0.001199 seconds.
Begin MonoManager ReloadAssembly
Native extension for WindowsStandalone target not found
Native extension for WebGL target not found
Refreshing native plugins compatible for Editor in 0.27 ms, found 0 plugins.
Preloading 0 native plugins for Editor in 0.00 ms.
Invoked RoslynAnalysisRunner static constructor.
RoslynAnalysisRunner will not be running.
RoslynAnalysisRunner has terminated.
Mono: successfully reloaded assembly
- Completed reload, in  0.817 seconds
Platform modules already initialized, skipping
Refreshing native plugins compatible for Editor in 0.43 ms, found 0 plugins.
Preloading 0 native plugins for Editor in 0.00 ms.
Unloading 1656 Unused Serialized files (Serialized files now loaded: 0)
System memory in use before: 114.7 MB.
System memory in use after: 114.8 MB.

Unloading 7 unused Assets to reduce memory usage. Loaded Objects now: 2174.
Total: 2.443300 ms (FindLiveObjects: 0.171800 ms CreateObjectMapping: 0.045400 ms MarkObjects: 2.158500 ms  DeleteObjects: 0.066300 ms)

========================================================================
Received Import Request.
  Time since last request: 437.875961 seconds.
  path: Assets/New Animator Controller.controller
  artifactKey: Guid(f06e4b9810cbbfa4195208d166797b34) Importer(815301076,1909f56bfc062723c751e8b465ee728b)
Start importing Assets/New Animator Controller.controller using Guid(f06e4b9810cbbfa4195208d166797b34) Importer(815301076,1909f56bfc062723c751e8b465ee728b)  -> (artifact id: '864a5166e25d606e372e0a3732e6450b') in 0.036605 seconds
  Import took 0.083470 seconds .

========================================================================
Received Prepare
Registering precompiled user dll's ...
Registered in 0.001194 seconds.
Begin MonoManager ReloadAssembly
Native extension for WindowsStandalone target not found
Native extension for WebGL target not found
Refreshing native plugins compatible for Editor in 0.28 ms, found 0 plugins.
Preloading 0 native plugins for Editor in 0.00 ms.
Invoked RoslynAnalysisRunner static constructor.
RoslynAnalysisRunner will not be running.
RoslynAnalysisRunner has terminated.
Mono: successfully reloaded assembly
- Completed reload, in  0.833 seconds
Platform modules already initialized, skipping
Refreshing native plugins compatible for Editor in 0.30 ms, found 0 plugins.
Preloading 0 native plugins for Editor in 0.00 ms.
Unloading 1656 Unused Serialized files (Serialized files now loaded: 0)
System memory in use before: 114.8 MB.
System memory in use after: 114.8 MB.

Unloading 7 unused Assets to reduce memory usage. Loaded Objects now: 2177.
Total: 2.622500 ms (FindLiveObjects: 0.184500 ms CreateObjectMapping: 0.063800 ms MarkObjects: 2.300700 ms  DeleteObjects: 0.072600 ms)

========================================================================
Received Prepare
Registering precompiled user dll's ...
Registered in 0.001819 seconds.
Begin MonoManager ReloadAssembly
Native extension for WindowsStandalone target not found
Native extension for WebGL target not found
Refreshing native plugins compatible for Editor in 0.33 ms, found 0 plugins.
Preloading 0 native plugins for Editor in 0.00 ms.
Invoked RoslynAnalysisRunner static constructor.
RoslynAnalysisRunner will not be running.
RoslynAnalysisRunner has terminated.
Mono: successfully reloaded assembly
- Completed reload, in  0.876 seconds
Platform modules already initialized, skipping
Refreshing native plugins compatible for Editor in 0.30 ms, found 0 plugins.
Preloading 0 native plugins for Editor in 0.00 ms.
Unloading 1656 Unused Serialized files (Serialized files now loaded: 0)
System memory in use before: 114.8 MB.
System memory in use after: 114.8 MB.

Unloading 7 unused Assets to reduce memory usage. Loaded Objects now: 2180.
Total: 2.501600 ms (FindLiveObjects: 0.179600 ms CreateObjectMapping: 0.066900 ms MarkObjects: 2.183300 ms  DeleteObjects: 0.070800 ms)

========================================================================
Received Prepare
Registering precompiled user dll's ...
Registered in 0.001417 seconds.
Begin MonoManager ReloadAssembly
Native extension for WindowsStandalone target not found
Native extension for WebGL target not found
Refreshing native plugins compatible for Editor in 0.27 ms, found 0 plugins.
Preloading 0 native plugins for Editor in 0.00 ms.
Invoked RoslynAnalysisRunner static constructor.
RoslynAnalysisRunner will not be running.
RoslynAnalysisRunner has terminated.
Mono: successfully reloaded assembly
- Completed reload, in  0.843 seconds
Platform modules already initialized, skipping
Refreshing native plugins compatible for Editor in 0.27 ms, found 0 plugins.
Preloading 0 native plugins for Editor in 0.00 ms.
Unloading 1656 Unused Serialized files (Serialized files now loaded: 0)
System memory in use before: 114.8 MB.
System memory in use after: 114.8 MB.

Unloading 7 unused Assets to reduce memory usage. Loaded Objects now: 2183.
Total: 2.749100 ms (FindLiveObjects: 0.210400 ms CreateObjectMapping: 0.092800 ms MarkObjects: 2.371800 ms  DeleteObjects: 0.072600 ms)

========================================================================
Received Import Request.
  Time since last request: 329.621408 seconds.
  path: Assets/New Animator Controller.controller
  artifactKey: Guid(f06e4b9810cbbfa4195208d166797b34) Importer(815301076,1909f56bfc062723c751e8b465ee728b)
Start importing Assets/New Animator Controller.controller using Guid(f06e4b9810cbbfa4195208d166797b34) Importer(815301076,1909f56bfc062723c751e8b465ee728b)  -> (artifact id: 'b6b52033bae43e34d969d160d871ee2d') in 0.036689 seconds
  Import took 0.041646 seconds .

========================================================================
Received Prepare
Registering precompiled user dll's ...
Registered in 0.002144 seconds.
Begin MonoManager ReloadAssembly
Native extension for WindowsStandalone target not found
Native extension for WebGL target not found
Refreshing native plugins compatible for Editor in 0.39 ms, found 0 plugins.
Preloading 0 native plugins for Editor in 0.00 ms.
Invoked RoslynAnalysisRunner static constructor.
RoslynAnalysisRunner will not be running.
RoslynAnalysisRunner has terminated.
Mono: successfully reloaded assembly
- Completed reload, in  1.469 seconds
Platform modules already initialized, skipping
Refreshing native plugins compatible for Editor in 0.41 ms, found 0 plugins.
Preloading 0 native plugins for Editor in 0.00 ms.
Unloading 1656 Unused Serialized files (Serialized files now loaded: 0)
System memory in use before: 114.8 MB.
System memory in use after: 114.9 MB.

Unloading 7 unused Assets to reduce memory usage. Loaded Objects now: 2186.
Total: 3.673300 ms (FindLiveObjects: 0.267400 ms CreateObjectMapping: 0.109400 ms MarkObjects: 3.191400 ms  DeleteObjects: 0.103500 ms)

========================================================================
Received Import Request.
  Time since last request: 91.704372 seconds.
  path: Assets/New Animator Controller.controller
  artifactKey: Guid(f06e4b9810cbbfa4195208d166797b34) Importer(815301076,1909f56bfc062723c751e8b465ee728b)
Start importing Assets/New Animator Controller.controller using Guid(f06e4b9810cbbfa4195208d166797b34) Importer(815301076,1909f56bfc062723c751e8b465ee728b)  -> (artifact id: 'b44c878366dde58af66e4e7f571183a8') in 0.060898 seconds
  Import took 0.108271 seconds .

========================================================================
Received Prepare
Registering precompiled user dll's ...
Registered in 0.002008 seconds.
Begin MonoManager ReloadAssembly
Native extension for WindowsStandalone target not found
Native extension for WebGL target not found
Refreshing native plugins compatible for Editor in 0.40 ms, found 0 plugins.
Preloading 0 native plugins for Editor in 0.00 ms.
Invoked RoslynAnalysisRunner static constructor.
RoslynAnalysisRunner will not be running.
RoslynAnalysisRunner has terminated.
Mono: successfully reloaded assembly
- Completed reload, in  1.533 seconds
Platform modules already initialized, skipping
Refreshing native plugins compatible for Editor in 0.40 ms, found 0 plugins.
Preloading 0 native plugins for Editor in 0.00 ms.
Unloading 1656 Unused Serialized files (Serialized files now loaded: 0)
System memory in use before: 114.8 MB.
System memory in use after: 114.9 MB.

Unloading 7 unused Assets to reduce memory usage. Loaded Objects now: 2189.
Total: 3.730200 ms (FindLiveObjects: 0.242800 ms CreateObjectMapping: 0.109000 ms MarkObjects: 3.268200 ms  DeleteObjects: 0.108200 ms)

========================================================================
Received Prepare
Registering precompiled user dll's ...
Registered in 0.002621 seconds.
Begin MonoManager ReloadAssembly
Native extension for WindowsStandalone target not found
Native extension for WebGL target not found
Refreshing native plugins compatible for Editor in 0.39 ms, found 0 plugins.
Preloading 0 native plugins for Editor in 0.00 ms.
Invoked RoslynAnalysisRunner static constructor.
RoslynAnalysisRunner will not be running.
RoslynAnalysisRunner has terminated.
Mono: successfully reloaded assembly
- Completed reload, in  1.474 seconds
Platform modules already initialized, skipping
Refreshing native plugins compatible for Editor in 0.40 ms, found 0 plugins.
Preloading 0 native plugins for Editor in 0.00 ms.
Unloading 1656 Unused Serialized files (Serialized files now loaded: 0)
System memory in use before: 114.8 MB.
System memory in use after: 114.9 MB.

Unloading 7 unused Assets to reduce memory usage. Loaded Objects now: 2192.
Total: 3.578700 ms (FindLiveObjects: 0.236900 ms CreateObjectMapping: 0.090400 ms MarkObjects: 3.144700 ms  DeleteObjects: 0.105000 ms)

========================================================================
Received Prepare
Registering precompiled user dll's ...
Registered in 0.002985 seconds.
Begin MonoManager ReloadAssembly
Native extension for WindowsStandalone target not found
Native extension for WebGL target not found
Refreshing native plugins compatible for Editor in 0.71 ms, found 0 plugins.
Preloading 0 native plugins for Editor in 0.00 ms.
Invoked RoslynAnalysisRunner static constructor.
RoslynAnalysisRunner will not be running.
RoslynAnalysisRunner has terminated.
Mono: successfully reloaded assembly
- Completed reload, in  1.512 seconds
Platform modules already initialized, skipping
Refreshing native plugins compatible for Editor in 0.45 ms, found 0 plugins.
Preloading 0 native plugins for Editor in 0.00 ms.
Unloading 1656 Unused Serialized files (Serialized files now loaded: 0)
System memory in use before: 114.8 MB.
System memory in use after: 114.9 MB.

Unloading 7 unused Assets to reduce memory usage. Loaded Objects now: 2195.
Total: 3.649700 ms (FindLiveObjects: 0.243600 ms CreateObjectMapping: 0.088300 ms MarkObjects: 3.206800 ms  DeleteObjects: 0.109500 ms)

========================================================================
Received Import Request.
  Time since last request: 238.283078 seconds.
  path: Assets/New Animator Controller.controller
  artifactKey: Guid(f06e4b9810cbbfa4195208d166797b34) Importer(815301076,1909f56bfc062723c751e8b465ee728b)
Start importing Assets/New Animator Controller.controller using Guid(f06e4b9810cbbfa4195208d166797b34) Importer(815301076,1909f56bfc062723c751e8b465ee728b)  -> (artifact id: '0de72fdc388461197a911eba51d50ca0') in 0.059297 seconds
  Import took 0.106745 seconds .

========================================================================
Received Prepare
Registering precompiled user dll's ...
Registered in 0.002010 seconds.
Begin MonoManager ReloadAssembly
Native extension for WindowsStandalone target not found
Native extension for WebGL target not found
Refreshing native plugins compatible for Editor in 0.40 ms, found 0 plugins.
Preloading 0 native plugins for Editor in 0.00 ms.
Invoked RoslynAnalysisRunner static constructor.
RoslynAnalysisRunner will not be running.
RoslynAnalysisRunner has terminated.
Mono: successfully reloaded assembly
- Completed reload, in  1.516 seconds
Platform modules already initialized, skipping
Refreshing native plugins compatible for Editor in 0.39 ms, found 0 plugins.
Preloading 0 native plugins for Editor in 0.00 ms.
Unloading 1656 Unused Serialized files (Serialized files now loaded: 0)
System memory in use before: 114.8 MB.
System memory in use after: 114.9 MB.

Unloading 7 unused Assets to reduce memory usage. Loaded Objects now: 2198.
Total: 3.444400 ms (FindLiveObjects: 0.245800 ms CreateObjectMapping: 0.080100 ms MarkObjects: 3.016000 ms  DeleteObjects: 0.101300 ms)

========================================================================
Received Prepare
Registering precompiled user dll's ...
Registered in 0.002003 seconds.
Begin MonoManager ReloadAssembly
Native extension for WindowsStandalone target not found
Native extension for WebGL target not found
Refreshing native plugins compatible for Editor in 0.39 ms, found 0 plugins.
Preloading 0 native plugins for Editor in 0.00 ms.
Invoked RoslynAnalysisRunner static constructor.
RoslynAnalysisRunner will not be running.
RoslynAnalysisRunner has terminated.
Mono: successfully reloaded assembly
- Completed reload, in  1.515 seconds
Platform modules already initialized, skipping
Refreshing native plugins compatible for Editor in 0.40 ms, found 0 plugins.
Preloading 0 native plugins for Editor in 0.00 ms.
Unloading 1656 Unused Serialized files (Serialized files now loaded: 0)
System memory in use before: 114.8 MB.
System memory in use after: 114.9 MB.

Unloading 7 unused Assets to reduce memory usage. Loaded Objects now: 2201.
Total: 3.661200 ms (FindLiveObjects: 0.271100 ms CreateObjectMapping: 0.106900 ms MarkObjects: 3.170500 ms  DeleteObjects: 0.111200 ms)

========================================================================
Received Import Request.
  Time since last request: 131.465461 seconds.
  path: Assets/New Animator Controller.controller
  artifactKey: Guid(f06e4b9810cbbfa4195208d166797b34) Importer(815301076,1909f56bfc062723c751e8b465ee728b)
Start importing Assets/New Animator Controller.controller using Guid(f06e4b9810cbbfa4195208d166797b34) Importer(815301076,1909f56bfc062723c751e8b465ee728b)  -> (artifact id: 'b1ca657a2f6860c36eee2d84811f6762') in 0.056155 seconds
  Import took 0.093062 seconds .

========================================================================
Received Prepare
Registering precompiled user dll's ...
Registered in 0.002078 seconds.
Begin MonoManager ReloadAssembly
Native extension for WindowsStandalone target not found
Native extension for WebGL target not found
Refreshing native plugins compatible for Editor in 0.47 ms, found 0 plugins.
Preloading 0 native plugins for Editor in 0.00 ms.
Invoked RoslynAnalysisRunner static constructor.
RoslynAnalysisRunner will not be running.
RoslynAnalysisRunner has terminated.
Mono: successfully reloaded assembly
- Completed reload, in  1.463 seconds
Platform modules already initialized, skipping
Refreshing native plugins compatible for Editor in 0.39 ms, found 0 plugins.
Preloading 0 native plugins for Editor in 0.00 ms.
Unloading 1656 Unused Serialized files (Serialized files now loaded: 0)
System memory in use before: 114.8 MB.
System memory in use after: 114.9 MB.

Unloading 7 unused Assets to reduce memory usage. Loaded Objects now: 2204.
Total: 3.510900 ms (FindLiveObjects: 0.249100 ms CreateObjectMapping: 0.075500 ms MarkObjects: 3.079900 ms  DeleteObjects: 0.104700 ms)

========================================================================
Received Import Request.
  Time since last request: 204.805581 seconds.
  path: Assets/3D Game Kit - Character Pack/Characters/Ellen/AnimationClips/@EllenSpawn.fbx
  artifactKey: Guid(118c1440644eccb46ba5d8a2657a9556) Importer(815301076,1909f56bfc062723c751e8b465ee728b)
Start importing Assets/3D Game Kit - Character Pack/Characters/Ellen/AnimationClips/@EllenSpawn.fbx using Guid(118c1440644eccb46ba5d8a2657a9556) Importer(815301076,1909f56bfc062723c751e8b465ee728b)  -> (artifact id: 'df966f2d7bf027274832b12ece8d393c') in 0.148507 seconds
  Import took 0.177373 seconds .

========================================================================
Received Import Request.
  Time since last request: 33.369174 seconds.
  path: Assets/3D Game Kit - Character Pack/Characters/Ellen/AnimationClips/@EllenSpawn.fbx
  artifactKey: Guid(118c1440644eccb46ba5d8a2657a9556) Importer(815301076,1909f56bfc062723c751e8b465ee728b)
Start importing Assets/3D Game Kit - Character Pack/Characters/Ellen/AnimationClips/@EllenSpawn.fbx using Guid(118c1440644eccb46ba5d8a2657a9556) Importer(815301076,1909f56bfc062723c751e8b465ee728b)  -> (artifact id: '7c48b7bffc6b19e409a12bdd13622bb5') in 0.047221 seconds
  Import took 0.061694 seconds .

========================================================================
Received Prepare
Registering precompiled user dll's ...
Registered in 0.001254 seconds.
Begin MonoManager ReloadAssembly
Native extension for WindowsStandalone target not found
Native extension for WebGL target not found
Refreshing native plugins compatible for Editor in 0.28 ms, found 0 plugins.
Preloading 0 native plugins for Editor in 0.00 ms.
Invoked RoslynAnalysisRunner static constructor.
RoslynAnalysisRunner will not be running.
RoslynAnalysisRunner has terminated.
Mono: successfully reloaded assembly
- Completed reload, in  0.870 seconds
Platform modules already initialized, skipping
Refreshing native plugins compatible for Editor in 0.28 ms, found 0 plugins.
Preloading 0 native plugins for Editor in 0.00 ms.
Unloading 1656 Unused Serialized files (Serialized files now loaded: 0)
System memory in use before: 114.8 MB.
System memory in use after: 114.9 MB.

Unloading 8 unused Assets to reduce memory usage. Loaded Objects now: 2208.
Total: 17.533200 ms (FindLiveObjects: 0.160500 ms CreateObjectMapping: 0.057000 ms MarkObjects: 17.233700 ms  DeleteObjects: 0.080600 ms)

AssetImportWorkerClient::OnTransportError - code=2 error=End of file
